<?xml version="1.0" encoding="UTF-8"?>
<testsuite name="TestSuite" time="46.106" tests="1" errors="0" skipped="0" failures="1">
  <properties>
[...]
</properties>
  <testcase name="TC_ViewDeal" classname="testcases.Trivago_TestCases" time="46.106">
    <failure message="stale element reference: element is not attached to the page document&#10;  (Session info: chrome=47.0.2526.106)&#10;  (Driver info: chromedriver=2.20.353145 (343b531d31eeb933ec778dbcf7081628a1396067),platform=Windows NT 6.2 x86_64) (WARNING: The server did not provide any stacktrace information)&#10;Command duration or timeout: 1.69 seconds&#10;For documentation on this error, please visit: http://seleniumhq.org/exceptions/stale_element_reference.html&#10;Build info: version: &apos;2.48.2&apos;, revision: &apos;41bccdd10cf2c0560f637404c2d96164b67d9d67&apos;, time: &apos;2015-10-09 13:08:06&apos;&#10;System info: host: &apos;MTALT292&apos;, ip: &apos;192.168.0.100&apos;, os.name: &apos;Windows 8&apos;, os.arch: &apos;x86&apos;, os.version: &apos;6.2&apos;, java.version: &apos;1.8.0_65&apos;&#10;Driver info: org.openqa.selenium.chrome.ChromeDriver&#10;Capabilities [{applicationCacheEnabled=false, rotatable=false, mobileEmulationEnabled=false, chrome={userDataDir=C:\Users\PRAVEE~1.STC\AppData\Local\Temp\scoped_dir9536_15916}, takesHeapSnapshot=true, databaseEnabled=false, handlesAlerts=true, hasTouchScreen=false, version=47.0.2526.106, platform=WIN8, browserConnectionEnabled=false, nativeEvents=true, acceptSslCerts=true, locationContextEnabled=true, webStorageEnabled=true, browserName=chrome, takesScreenshot=true, javascriptEnabled=true, cssSelectorsEnabled=true}]&#10;Session ID: 5922ca64fe38f5f78552a3d653d0280b" type="org.openqa.selenium.StaleElementReferenceException">org.openqa.selenium.StaleElementReferenceException: stale element reference: element is not attached to the page document
  (Session info: chrome=47.0.2526.106)
  (Driver info: chromedriver=2.20.353145 (343b531d31eeb933ec778dbcf7081628a1396067),platform=Windows NT 6.2 x86_64) (WARNING: The server did not provide any stacktrace information)
Command duration or timeout: 1.69 seconds
For documentation on this error, please visit: http://seleniumhq.org/exceptions/stale_element_reference.html
Build info: version: '2.48.2', revision: '41bccdd10cf2c0560f637404c2d96164b67d9d67', time: '2015-10-09 13:08:06'
System info: host: 'MTALT292', ip: '192.168.0.100', os.name: 'Windows 8', os.arch: 'x86', os.version: '6.2', java.version: '1.8.0_65'
Driver info: org.openqa.selenium.chrome.ChromeDriver
Capabilities [{applicationCacheEnabled=false, rotatable=false, mobileEmulationEnabled=false, chrome={userDataDir=C:\Users\PRAVEE~1.STC\AppData\Local\Temp\scoped_dir9536_15916}, takesHeapSnapshot=true, databaseEnabled=false, handlesAlerts=true, hasTouchScreen=false, version=47.0.2526.106, platform=WIN8, browserConnectionEnabled=false, nativeEvents=true, acceptSslCerts=true, locationContextEnabled=true, webStorageEnabled=true, browserName=chrome, takesScreenshot=true, javascriptEnabled=true, cssSelectorsEnabled=true}]
Session ID: 5922ca64fe38f5f78552a3d653d0280b
	at sun.reflect.NativeConstructorAccessorImpl.newInstance0(Native Method)
	at sun.reflect.NativeConstructorAccessorImpl.newInstance(NativeConstructorAccessorImpl.java:62)
	at sun.reflect.DelegatingConstructorAccessorImpl.newInstance(DelegatingConstructorAccessorImpl.java:45)
	at java.lang.reflect.Constructor.newInstance(Constructor.java:422)
	at org.openqa.selenium.remote.ErrorHandler.createThrowable(ErrorHandler.java:206)
	at org.openqa.selenium.remote.ErrorHandler.throwIfResponseFailed(ErrorHandler.java:158)
	at org.openqa.selenium.remote.RemoteWebDriver.execute(RemoteWebDriver.java:647)
	at org.openqa.selenium.remote.RemoteWebElement.execute(RemoteWebElement.java:326)
	at org.openqa.selenium.remote.RemoteWebElement.getAttribute(RemoteWebElement.java:149)
	at commonpageactions.CommonPageActions.Navigate_To_Website_And_Search_City(CommonPageActions.java:61)
	at testcases.Trivago_TestCases.TC_ViewDeal(Trivago_TestCases.java:50)
</failure>
    <system-out><![CDATA[INFO    2016-01-13 18:25:57,812 [main] TC_ViewDeal  - Launched CHROME browser
INFO    2016-01-13 18:26:20,669 [main] TC_ViewDeal  - Successfully navigated to http://www.trivago.com
INFO    2016-01-13 18:26:23,073 [main] TC_ViewDeal  - Successfully performed WaitForElement on Search Textbox for 60 seconds
INFO    2016-01-13 18:26:25,933 [main] TC_ViewDeal  - Successfully clicked on Search Textbox
INFO    2016-01-13 18:26:29,128 [main] TC_ViewDeal  - Successfully entered text in Search Textbox
INFO    2016-01-13 18:26:31,713 [main] TC_ViewDeal  - Successfully performed WaitForElement on deal-form-suggetion for 30 seconds
INFO    2016-01-13 18:26:38,953 [main] TC_ViewDeal  - Successfully waited for element# deal-form-suggetion List on Location# //div[@id='js-dealform-suggest']/ul/li and returned element
INFO    2016-01-13 18:26:38,955 [main] TC_ViewDeal  - Successfully waited for WebElement [[ChromeDriver: chrome on WIN8 (5922ca64fe38f5f78552a3d653d0280b)] -> xpath: //div[@id='js-dealform-suggest']/ul/li]
]]></system-out>
    <system-err><![CDATA[Starting ChromeDriver 2.20.353145 (343b531d31eeb933ec778dbcf7081628a1396067) on port 10094
Only local connections are allowed.
]]></system-err>
  </testcase>
</testsuite>